\BOOKMARK [1][-]{section.1}{May 2nd 2013}{}
\BOOKMARK [1][-]{section.2}{May 4th 2013}{}
\BOOKMARK [1][-]{section.3}{May 6th 2013}{}
\BOOKMARK [1][-]{section.4}{May 9th 2013}{}
\BOOKMARK [1][-]{section.5}{May 12th 2013}{}
\BOOKMARK [1][-]{section.6}{May 13th 2013}{}
\BOOKMARK [2][-]{subsection.6.1}{Class}{section.6}
\BOOKMARK [2][-]{subsection.6.2}{Outside class}{section.6}
\BOOKMARK [1][-]{section.7}{May 14th 2013}{}
\BOOKMARK [1][-]{section.8}{May 15th 2013}{}
\BOOKMARK [1][-]{section.9}{May 16th 2013}{}
\BOOKMARK [1][-]{section.10}{May 19th 2013}{}
\BOOKMARK [1][-]{section.11}{May 23rd 2013}{}
\BOOKMARK [1][-]{section.12}{May 27th 2013}{}
\BOOKMARK [1][-]{section.13}{May 29th 2013}{}
\BOOKMARK [1][-]{section.14}{May 30th 2013}{}
\BOOKMARK [1][-]{section.15}{June 2nd 2013}{}
\BOOKMARK [1][-]{section.16}{June 4th 2013}{}
\BOOKMARK [1][-]{section.17}{June 9th 2013}{}
\BOOKMARK [1][-]{section.18}{June 10th 2013}{}
\BOOKMARK [1][-]{section.19}{June 12th 2013}{}
\BOOKMARK [1][-]{section.20}{June 13th 2013}{}
\BOOKMARK [1][-]{section.21}{June 17th 2013}{}
\BOOKMARK [1][-]{section.22}{June 18th and 19th 2013}{}
\BOOKMARK [1][-]{section.23}{June 20th 2013}{}
\BOOKMARK [1][-]{section.24}{June 23rd 2013}{}
\BOOKMARK [1][-]{section.25}{June 24th 2013}{}
\BOOKMARK [1][-]{section.26}{June 27th 2013}{}
\BOOKMARK [1][-]{section.27}{June 30th and July 1st 2013}{}
\BOOKMARK [1][-]{section.28}{July 2nd - 5th 2013}{}
\BOOKMARK [1][-]{section.29}{July 4th 2013}{}
\BOOKMARK [1][-]{section.30}{July 8th 2013}{}
\BOOKMARK [1][-]{section.31}{July 11th 2013}{}
\BOOKMARK [1][-]{section.32}{July 15th and 18th}{}
\BOOKMARK [1][-]{section.33}{July 12th-19th 2013}{}
\BOOKMARK [1][-]{section.34}{July 22nd 2013}{}
\BOOKMARK [1][-]{section.35}{July 25th 2013}{}
\BOOKMARK [1][-]{section.36}{July 29th and August 1st}{}
